ts=2024-11-27T20:37:14.265348Z level=info "boringcrypto enabled"=false
ts=2024-11-27T20:37:14.04174Z level=error source=github.com/KimMachineGun/automemlimit@v0.6.0/memlimit/memlimit.go:117 msg="failed to set GOMEMLIMIT" package=github.com/KimMachineGun/automemlimit/memlimit error="failed to set GOMEMLIMIT: cgroups is not supported on this system"
ts=2024-11-27T20:37:14.265694Z level=info msg="no peer discovery configured: both join and discover peers are empty" service=cluster
ts=2024-11-27T20:37:14.265741Z level=info msg="running usage stats reporter"
ts=2024-11-27T20:37:14.265776Z level=info msg="starting complete graph evaluation" controller_path=/ controller_id="" trace_id=c59a07cdb72e51bf0c1d4088802621cc
ts=2024-11-27T20:37:14.265922Z level=info msg="finished node evaluation" controller_path=/ controller_id="" trace_id=c59a07cdb72e51bf0c1d4088802621cc node_id=otel duration=1.417µs
ts=2024-11-27T20:37:14.265989Z level=info msg="finished node evaluation" controller_path=/ controller_id="" trace_id=c59a07cdb72e51bf0c1d4088802621cc node_id=remotecfg duration=222.558375ms
ts=2024-11-27T20:37:14.266043Z level=info msg="applying non-TLS config to HTTP server" service=http
ts=2024-11-27T20:37:14.266109Z level=info msg="finished node evaluation" controller_path=/ controller_id="" trace_id=c59a07cdb72e51bf0c1d4088802621cc node_id=http duration=34.75µs
ts=2024-11-27T20:37:14.266171Z level=info msg="finished node evaluation" controller_path=/ controller_id="" trace_id=c59a07cdb72e51bf0c1d4088802621cc node_id=cluster duration=833ns
ts=2024-11-27T20:37:14.266194Z level=info msg="finished node evaluation" controller_path=/ controller_id="" trace_id=c59a07cdb72e51bf0c1d4088802621cc node_id=livedebugging duration=14.333µs
ts=2024-11-27T20:37:14.266214Z level=info msg="finished node evaluation" controller_path=/ controller_id="" trace_id=c59a07cdb72e51bf0c1d4088802621cc node_id=ui duration=875ns
ts=2024-11-27T20:37:14.26623Z level=info msg="finished node evaluation" controller_path=/ controller_id="" trace_id=c59a07cdb72e51bf0c1d4088802621cc node_id=labelstore duration=3.625µs
ts=2024-11-27T20:37:14.266253Z level=info msg="finished node evaluation" controller_path=/ controller_id="" trace_id=c59a07cdb72e51bf0c1d4088802621cc node_id=tracing duration=17.75µs
ts=2024-11-27T20:37:14.266284Z level=info msg="finished node evaluation" controller_path=/ controller_id="" trace_id=c59a07cdb72e51bf0c1d4088802621cc node_id=logging duration=947.208µs
ts=2024-11-27T20:37:14.266306Z level=info msg="finished complete graph evaluation" controller_path=/ controller_id="" trace_id=c59a07cdb72e51bf0c1d4088802621cc duration=223.789166ms
ts=2024-11-27T20:37:14.266352Z level=info msg="scheduling loaded components and services"
ts=2024-11-27T20:37:14.2665Z level=info msg="starting cluster node" service=cluster peers_count=0 peers="" advertise_addr=127.0.0.1:12345
ts=2024-11-27T20:37:14.266611Z level=info msg="peers changed" service=cluster peers_count=1 peers=MacBook-Pro-von-Fernando.local
ts=2024-11-27T20:37:14.266924Z level=info msg="now listening for http traffic" service=http addr=127.0.0.1:12345
ts=2024-11-27T20:37:14.289974Z level=info msg="starting complete graph evaluation" controller_path=/ controller_id=remotecfg trace_id=5f1964b3e6706bad9fe23c21ed68f8f6
ts=2024-11-27T20:37:14.290119Z level=info msg="starting complete graph evaluation" controller_path=/remotecfg controller_id=self_monitoring_metrics.default trace_id=1fada007b8a0b585b9ed2a85a23befec
ts=2024-11-27T20:37:14.290201Z level=info msg="finished node evaluation" controller_path=/remotecfg controller_id=self_monitoring_metrics.default trace_id=1fada007b8a0b585b9ed2a85a23befec node_id=prometheus.exporter.self.integrations_alloy_health duration=60.625µs
ts=2024-11-27T20:37:14.290989Z level=info msg="finished node evaluation" controller_path=/remotecfg controller_id=self_monitoring_metrics.default trace_id=1fada007b8a0b585b9ed2a85a23befec node_id=discovery.relabel.integrations_alloy_health duration=763.5µs
ts=2024-11-27T20:37:14.293823Z level=info msg="replaying WAL, this may take a while" component_path=/remotecfg/self_monitoring_metrics.default component_id=prometheus.remote_write.default subcomponent=wal dir=data-alloy/remotecfg/self_monitoring_metrics.default/prometheus.remote_write.default/wal
ts=2024-11-27T20:37:14.295038Z level=info msg="WAL segment loaded" component_path=/remotecfg/self_monitoring_metrics.default component_id=prometheus.remote_write.default subcomponent=wal segment=0 maxSegment=3
ts=2024-11-27T20:37:14.295147Z level=info msg="WAL segment loaded" component_path=/remotecfg/self_monitoring_metrics.default component_id=prometheus.remote_write.default subcomponent=wal segment=1 maxSegment=3
ts=2024-11-27T20:37:14.29545Z level=info msg="WAL segment loaded" component_path=/remotecfg/self_monitoring_metrics.default component_id=prometheus.remote_write.default subcomponent=wal segment=2 maxSegment=3
ts=2024-11-27T20:37:14.295542Z level=info msg="WAL segment loaded" component_path=/remotecfg/self_monitoring_metrics.default component_id=prometheus.remote_write.default subcomponent=wal segment=3 maxSegment=3
ts=2024-11-27T20:37:14.296361Z level=info msg="Starting WAL watcher" component_path=/remotecfg/self_monitoring_metrics.default component_id=prometheus.remote_write.default subcomponent=rw remote_name=8e214b url=https://prometheus-prod-24-prod-eu-west-2.grafana.net/api/prom/push queue=8e214b
ts=2024-11-27T20:37:14.296381Z level=info msg="Starting scraped metadata watcher" component_path=/remotecfg/self_monitoring_metrics.default component_id=prometheus.remote_write.default subcomponent=rw remote_name=8e214b url=https://prometheus-prod-24-prod-eu-west-2.grafana.net/api/prom/push
ts=2024-11-27T20:37:14.296397Z level=info msg="finished node evaluation" controller_path=/remotecfg controller_id=self_monitoring_metrics.default trace_id=1fada007b8a0b585b9ed2a85a23befec node_id=prometheus.remote_write.default duration=5.384083ms
ts=2024-11-27T20:37:14.296452Z level=info msg="Replaying WAL" component_path=/remotecfg/self_monitoring_metrics.default component_id=prometheus.remote_write.default subcomponent=rw remote_name=8e214b url=https://prometheus-prod-24-prod-eu-west-2.grafana.net/api/prom/push queue=8e214b
ts=2024-11-27T20:37:14.315059Z level=info msg="finished node evaluation" controller_path=/remotecfg controller_id=self_monitoring_metrics.default trace_id=1fada007b8a0b585b9ed2a85a23befec node_id=prometheus.scrape.integrations_alloy_health duration=18.62575ms
ts=2024-11-27T20:37:14.315102Z level=info msg="finished complete graph evaluation" controller_path=/remotecfg controller_id=self_monitoring_metrics.default trace_id=1fada007b8a0b585b9ed2a85a23befec duration=25.046041ms
ts=2024-11-27T20:37:14.315115Z level=info msg="finished node evaluation" controller_path=/ controller_id=remotecfg trace_id=5f1964b3e6706bad9fe23c21ed68f8f6 node_id=self_monitoring_metrics.default duration=25.105209ms
ts=2024-11-27T20:37:14.315222Z level=info msg="starting complete graph evaluation" controller_path=/remotecfg controller_id=self_monitoring_logs_macos.default trace_id=518db4cffbb0774bb9c12920e3202367
ts=2024-11-27T20:37:14.316009Z level=info msg="finished node evaluation" controller_path=/remotecfg controller_id=self_monitoring_logs_macos.default trace_id=518db4cffbb0774bb9c12920e3202367 node_id=loki.write.grafana_cloud_loki duration=773µs
ts=2024-11-27T20:37:14.316611Z level=info msg="finished node evaluation" controller_path=/remotecfg controller_id=self_monitoring_logs_macos.default trace_id=518db4cffbb0774bb9c12920e3202367 node_id=loki.source.file.alloy_logs duration=579.917µs
ts=2024-11-27T20:37:14.31663Z level=info msg="finished complete graph evaluation" controller_path=/remotecfg controller_id=self_monitoring_logs_macos.default trace_id=518db4cffbb0774bb9c12920e3202367 duration=1.445125ms
ts=2024-11-27T20:37:14.31664Z level=info msg="finished node evaluation" controller_path=/ controller_id=remotecfg trace_id=5f1964b3e6706bad9fe23c21ed68f8f6 node_id=self_monitoring_logs_macos.default duration=1.50425ms
ts=2024-11-27T20:37:14.316656Z level=info msg="tail routine: started" component_path=/remotecfg/self_monitoring_logs_macos.default component_id=loki.source.file.alloy_logs component=tailer path=/Users/fernando_idwell/Documents/Projects/fit-server/fitme-grpc/alloy.log
ts=2024-11-27T20:37:14.316735Z level=info msg="finished node evaluation" controller_path=/ controller_id=remotecfg trace_id=5f1964b3e6706bad9fe23c21ed68f8f6 node_id=declare.self_monitoring_metrics duration=85.208µs
ts=2024-11-27T20:37:14.316752Z level=info msg="finished node evaluation" controller_path=/ controller_id=remotecfg trace_id=5f1964b3e6706bad9fe23c21ed68f8f6 node_id=declare.self_monitoring_logs_macos duration=1.75µs
ts=2024-11-27T20:37:14.316731Z level=info msg="Seeked /Users/fernando_idwell/Documents/Projects/fit-server/fitme-grpc/alloy.log - &{Offset:9739 Whence:0}" component_path=/remotecfg/self_monitoring_logs_macos.default component_id=loki.source.file.alloy_logs
ts=2024-11-27T20:37:14.316763Z level=info msg="finished complete graph evaluation" controller_path=/ controller_id=remotecfg trace_id=5f1964b3e6706bad9fe23c21ed68f8f6 duration=26.826125ms
ts=2024-11-27T20:37:14.345066Z level=info msg="scheduling loaded components and services"
ts=2024-11-27T20:37:14.345345Z level=info msg="scheduling loaded components and services"
ts=2024-11-27T20:37:14.345364Z level=info msg="scheduling loaded components and services"
ts=2024-11-27T20:37:14.5682Z level=info msg="Re-opening truncated file /Users/fernando_idwell/Documents/Projects/fit-server/fitme-grpc/alloy.log ..." component_path=/remotecfg/self_monitoring_logs_macos.default component_id=loki.source.file.alloy_logs
ts=2024-11-27T20:37:14.568493Z level=info msg="Successfully reopened truncated /Users/fernando_idwell/Documents/Projects/fit-server/fitme-grpc/alloy.log" component_path=/remotecfg/self_monitoring_logs_macos.default component_id=loki.source.file.alloy_logs
ts=2024-11-27T20:37:15.268582Z level=info msg="peers changed" service=cluster peers_count=1 peers=MacBook-Pro-von-Fernando.local
ts=2024-11-27T20:38:11.705791Z level=info msg="Done replaying WAL" component_path=/remotecfg/self_monitoring_metrics.default component_id=prometheus.remote_write.default subcomponent=rw remote_name=8e214b url=https://prometheus-prod-24-prod-eu-west-2.grafana.net/api/prom/push duration=57.408390958s
ts=2024-11-27T20:45:14.050854Z level=info msg="reporting Alloy stats" date=2024-11-27T21:45:14.050+01:00
ts=2024-11-27T20:45:14.246074Z level=info msg="usage report sent with success"
interrupt received
ts=2024-11-27T21:15:50.86274Z level=info msg="node exited without error" node=labelstore
ts=2024-11-27T21:15:50.863181Z level=info msg="node exited without error" node=loki.write.grafana_cloud_loki
ts=2024-11-27T21:15:50.862944Z level=info msg="loki.source.file component shutting down, stopping readers and positions file" component_path=/remotecfg/self_monitoring_logs_macos.default component_id=loki.source.file.alloy_logs
ts=2024-11-27T21:15:50.86262Z level=info msg="node exited without error" node=remotecfg
ts=2024-11-27T21:15:50.862595Z level=info msg="node exited without error" node=ui
ts=2024-11-27T21:15:50.862626Z level=info msg="node exited without error" node=livedebugging
ts=2024-11-27T21:15:50.863249Z level=info msg="node exited without error" node=discovery.relabel.integrations_alloy_health
ts=2024-11-27T21:15:50.863016Z level=info msg="node exited without error" node=prometheus.exporter.self.integrations_alloy_health
ts=2024-11-27T21:15:50.862681Z level=info msg="node exited without error" node=otel
ts=2024-11-27T21:15:50.862311Z level=error msg="failed to start reporter" err="context canceled"
ts=2024-11-27T21:15:50.864268Z level=info msg="tail routine: tail channel closed, stopping tailer" component_path=/remotecfg/self_monitoring_logs_macos.default component_id=loki.source.file.alloy_logs component=tailer path=/Users/fernando_idwell/Documents/Projects/fit-server/fitme-grpc/alloy.log reason=<nil>
ts=2024-11-27T21:15:50.865006Z level=info msg="tail routine: exited" component_path=/remotecfg/self_monitoring_logs_macos.default component_id=loki.source.file.alloy_logs component=tailer path=/Users/fernando_idwell/Documents/Projects/fit-server/fitme-grpc/alloy.log
ts=2024-11-27T21:15:50.864041Z level=info msg="http server closed" service=http addr=127.0.0.1:12345 err="http: Server closed"
ts=2024-11-27T21:15:50.864069Z level=info msg="http server closed" service=http addr=memory err="http: Server closed"
ts=2024-11-27T21:15:50.865848Z level=info msg="position timer: exited" component_path=/remotecfg/self_monitoring_logs_macos.default component_id=loki.source.file.alloy_logs component=tailer path=/Users/fernando_idwell/Documents/Projects/fit-server/fitme-grpc/alloy.log
ts=2024-11-27T21:15:50.868239Z level=info msg="stopped tailing file" component_path=/remotecfg/self_monitoring_logs_macos.default component_id=loki.source.file.alloy_logs component=tailer path=/Users/fernando_idwell/Documents/Projects/fit-server/fitme-grpc/alloy.log
ts=2024-11-27T21:15:50.868179Z level=info msg="node exited without error" node=http
ts=2024-11-27T21:15:50.86584Z level=warn msg="failed to wait for rate limiter on peers update" service=cluster err="context canceled"
ts=2024-11-27T21:15:50.869025Z level=info msg="node exited without error" node=prometheus.scrape.integrations_alloy_health
ts=2024-11-27T21:15:50.869195Z level=info msg="scrape manager stopped" component_path=/remotecfg/self_monitoring_metrics.default component_id=prometheus.scrape.integrations_alloy_health
ts=2024-11-27T21:15:50.869626Z level=info msg="Stopping remote storage..." component_path=/remotecfg/self_monitoring_metrics.default component_id=prometheus.remote_write.default subcomponent=rw remote_name=8e214b url=https://prometheus-prod-24-prod-eu-west-2.grafana.net/api/prom/push
ts=2024-11-27T21:15:50.870198Z level=info msg="WAL watcher stopped" component_path=/remotecfg/self_monitoring_metrics.default component_id=prometheus.remote_write.default subcomponent=rw remote_name=8e214b url=https://prometheus-prod-24-prod-eu-west-2.grafana.net/api/prom/push queue=8e214b
ts=2024-11-27T21:15:50.870252Z level=info msg="Stopping metadata watcher..." component_path=/remotecfg/self_monitoring_metrics.default component_id=prometheus.remote_write.default subcomponent=rw remote_name=8e214b url=https://prometheus-prod-24-prod-eu-west-2.grafana.net/api/prom/push
ts=2024-11-27T21:15:50.870304Z level=info msg="Scraped metadata watcher stopped" component_path=/remotecfg/self_monitoring_metrics.default component_id=prometheus.remote_write.default subcomponent=rw remote_name=8e214b url=https://prometheus-prod-24-prod-eu-west-2.grafana.net/api/prom/push
ts=2024-11-27T21:15:50.873048Z level=info msg="Remote storage stopped." component_path=/remotecfg/self_monitoring_metrics.default component_id=prometheus.remote_write.default subcomponent=rw remote_name=8e214b url=https://prometheus-prod-24-prod-eu-west-2.grafana.net/api/prom/push
ts=2024-11-27T21:15:50.874257Z level=info msg="node exited without error" node=prometheus.remote_write.default
ts=2024-11-27T21:15:50.874555Z level=info msg="node exited without error" node=self_monitoring_metrics.default
ts=2024-11-27T21:15:50.874717Z level=info msg="node exited without error" node=loki.source.file.alloy_logs
ts=2024-11-27T21:15:50.874742Z level=info msg="node exited without error" node=self_monitoring_logs_macos.default
ts=2024-11-27T21:15:50.876694Z level=info msg="node exited without error" node=cluster
